

Started GET "/" for 127.0.0.1 at 2014-05-03 10:47:24 +1000
  [1m[36mActiveRecord::SchemaMigration Load (32.0ms)[0m  [1mSELECT `schema_migrations`.* FROM `schema_migrations`[0m
Processing by DemoController#index as HTML
  Rendered demo/index.html.erb (2.7ms)
Completed 200 OK in 9ms (Views: 8.4ms | ActiveRecord: 0.0ms)


Started GET "/" for 127.0.0.1 at 2014-05-03 10:47:24 +1000
Processing by DemoController#index as HTML
  Rendered demo/index.html.erb (0.6ms)
Completed 200 OK in 1ms (Views: 1.3ms | ActiveRecord: 0.0ms)


Started GET "/demo/hello" for 127.0.0.1 at 2014-05-03 10:47:27 +1000
Processing by DemoController#hello as HTML
  Rendered demo/hello.html.erb (3.0ms)
Completed 200 OK in 12ms (Views: 12.1ms | ActiveRecord: 0.0ms)


Started GET "/demo/hello/20?page=5" for 127.0.0.1 at 2014-05-03 10:47:31 +1000
Processing by DemoController#hello as HTML
  Parameters: {"page"=>"5", "id"=>"20"}
  Rendered demo/hello.html.erb (0.5ms)
Completed 200 OK in 2ms (Views: 1.5ms | ActiveRecord: 0.0ms)
  [1m[36mActiveRecord::SchemaMigration Load (0.2ms)[0m  [1mSELECT `schema_migrations`.* FROM `schema_migrations`[0m
Migrating to DoNothingYet (20130812204447)
  [1m[35m (0.1ms)[0m  BEGIN
  [1m[36mSQL (27.5ms)[0m  [1mINSERT INTO `schema_migrations` (`version`) VALUES ('20130812204447')[0m
  [1m[35m (2.5ms)[0m  COMMIT
Migrating to CreateUsers (20130812204803)
  [1m[36m (52.6ms)[0m  [1mCREATE TABLE `users` (`id` int(11) DEFAULT NULL auto_increment PRIMARY KEY, `first_name` varchar(25), `last_name` varchar(50), `email` varchar(255) DEFAULT '' NOT NULL, `password` varchar(40), `created_at` datetime, `updated_at` datetime) ENGINE=InnoDB[0m
  [1m[35m (0.1ms)[0m  BEGIN
  [1m[36mSQL (0.2ms)[0m  [1mINSERT INTO `schema_migrations` (`version`) VALUES ('20130812204803')[0m
  [1m[35m (0.3ms)[0m  COMMIT
Migrating to AlterUsers (20130813013638)
  [1m[36m (0.5ms)[0m  [1mRENAME TABLE `users` TO `admin_users`[0m
Mysql2::Error: Table 'admin_users' already exists: RENAME TABLE `users` TO `admin_users`
  [1m[36mActiveRecord::SchemaMigration Load (0.2ms)[0m  [1mSELECT `schema_migrations`.* FROM `schema_migrations`[0m
  [1m[35mActiveRecord::SchemaMigration Load (0.1ms)[0m  SELECT `schema_migrations`.* FROM `schema_migrations`
  [1m[36mActiveRecord::SchemaMigration Load (0.1ms)[0m  [1mSELECT `schema_migrations`.* FROM `schema_migrations`[0m
Migrating to CreateUsers (20130812204803)
  [1m[35m (1.4ms)[0m  DROP TABLE `users`
  [1m[36mSQL (24.6ms)[0m  [1mDELETE FROM `schema_migrations` WHERE `schema_migrations`.`version` = '20130812204803'[0m
Migrating to DoNothingYet (20130812204447)
  [1m[35mSQL (0.6ms)[0m  DELETE FROM `schema_migrations` WHERE `schema_migrations`.`version` = '20130812204447'
  [1m[36mActiveRecord::SchemaMigration Load (0.3ms)[0m  [1mSELECT `schema_migrations`.* FROM `schema_migrations`[0m
  [1m[36mActiveRecord::SchemaMigration Load (0.2ms)[0m  [1mSELECT `schema_migrations`.* FROM `schema_migrations`[0m
Migrating to DoNothingYet (20130812204447)
  [1m[35m (0.1ms)[0m  BEGIN
  [1m[36mSQL (0.2ms)[0m  [1mINSERT INTO `schema_migrations` (`version`) VALUES ('20130812204447')[0m
  [1m[35m (0.4ms)[0m  COMMIT
Migrating to CreateUsers (20130812204803)
  [1m[36m (27.4ms)[0m  [1mCREATE TABLE `users` (`id` int(11) DEFAULT NULL auto_increment PRIMARY KEY, `first_name` varchar(25), `last_name` varchar(50), `email` varchar(255) DEFAULT '' NOT NULL, `password` varchar(40), `created_at` datetime, `updated_at` datetime) ENGINE=InnoDB[0m
  [1m[35m (0.1ms)[0m  BEGIN
  [1m[36mSQL (0.2ms)[0m  [1mINSERT INTO `schema_migrations` (`version`) VALUES ('20130812204803')[0m
  [1m[35m (0.3ms)[0m  COMMIT
Migrating to AlterUsers (20130813013638)
  [1m[36m (0.3ms)[0m  [1mRENAME TABLE `users` TO `admin_users`[0m
Mysql2::Error: Table 'admin_users' already exists: RENAME TABLE `users` TO `admin_users`
  [1m[36m (39.7ms)[0m  [1mCREATE TABLE `schema_migrations` (`version` varchar(255) NOT NULL) ENGINE=InnoDB[0m
  [1m[35m (13.7ms)[0m  CREATE UNIQUE INDEX `unique_schema_migrations` ON `schema_migrations` (`version`) 
  [1m[36mActiveRecord::SchemaMigration Load (0.2ms)[0m  [1mSELECT `schema_migrations`.* FROM `schema_migrations`[0m
Migrating to DoNothingYet (20130812204447)
  [1m[35m (0.1ms)[0m  BEGIN
  [1m[36mSQL (0.3ms)[0m  [1mINSERT INTO `schema_migrations` (`version`) VALUES ('20130812204447')[0m
  [1m[35m (0.7ms)[0m  COMMIT
Migrating to CreateUsers (20130812204803)
  [1m[36m (11.7ms)[0m  [1mCREATE TABLE `users` (`id` int(11) DEFAULT NULL auto_increment PRIMARY KEY, `first_name` varchar(25), `last_name` varchar(50), `email` varchar(255) DEFAULT '' NOT NULL, `password` varchar(40), `created_at` datetime, `updated_at` datetime) ENGINE=InnoDB[0m
  [1m[35m (0.1ms)[0m  BEGIN
  [1m[36mSQL (0.2ms)[0m  [1mINSERT INTO `schema_migrations` (`version`) VALUES ('20130812204803')[0m
  [1m[35m (0.3ms)[0m  COMMIT
Migrating to AlterUsers (20130813013638)
  [1m[36m (1.4ms)[0m  [1mRENAME TABLE `users` TO `admin_users`[0m
  [1m[35m (11.9ms)[0m  ALTER TABLE `admin_users` ADD `username` varchar(25) AFTER `email`
  [1m[36m (13.7ms)[0m  [1mALTER TABLE `admin_users` CHANGE `email` `email` varchar(100) DEFAULT '' NOT NULL[0m
  [1m[35m (6.5ms)[0m  ALTER TABLE `admin_users` CHANGE `password` `hashed_password` varchar(40) DEFAULT NULL
  [1m[36m (10.6ms)[0m  [1mCREATE INDEX `index_admin_users_on_username` ON `admin_users` (`username`) [0m
  [1m[35m (0.1ms)[0m  BEGIN
  [1m[36mSQL (0.2ms)[0m  [1mINSERT INTO `schema_migrations` (`version`) VALUES ('20130813013638')[0m
  [1m[35m (0.3ms)[0m  COMMIT
  [1m[36mActiveRecord::SchemaMigration Load (0.4ms)[0m  [1mSELECT `schema_migrations`.* FROM `schema_migrations`[0m
  [1m[36mActiveRecord::SchemaMigration Load (0.2ms)[0m  [1mSELECT `schema_migrations`.* FROM `schema_migrations`[0m
Migrating to CreateSubjects (20140503005854)
  [1m[35m (27.9ms)[0m  CREATE TABLE `subjects` (`id` int(11) DEFAULT NULL auto_increment PRIMARY KEY, `name` varchar(255), `position` int(11), `visible` tinyint(1) DEFAULT 0, `created_at` datetime, `updated_at` datetime) ENGINE=InnoDB
  [1m[36m (0.1ms)[0m  [1mBEGIN[0m
  [1m[35mSQL (0.2ms)[0m  INSERT INTO `schema_migrations` (`version`) VALUES ('20140503005854')
  [1m[36m (0.7ms)[0m  [1mCOMMIT[0m
Migrating to CreatePages (20140503005900)
  [1m[35m (13.6ms)[0m  CREATE TABLE `pages` (`id` int(11) DEFAULT NULL auto_increment PRIMARY KEY, `subject_id` int(11), `name` varchar(255), `permalink` varchar(255), `position` int(11), `visible` tinyint(1) DEFAULT 0, `created_at` datetime, `updated_at` datetime) ENGINE=InnoDB
  [1m[36m (10.0ms)[0m  [1mCREATE INDEX `index_pages_on_subject_id` ON `pages` (`subject_id`) [0m
  [1m[35m (13.3ms)[0m  CREATE INDEX `index_pages_on_permalink` ON `pages` (`permalink`) 
  [1m[36m (0.2ms)[0m  [1mBEGIN[0m
  [1m[35mSQL (0.3ms)[0m  INSERT INTO `schema_migrations` (`version`) VALUES ('20140503005900')
  [1m[36m (0.6ms)[0m  [1mCOMMIT[0m
Migrating to CreateSections (20140503005906)
  [1m[35m (29.6ms)[0m  CREATE TABLE `sections` (`id` int(11) DEFAULT NULL auto_increment PRIMARY KEY, `page_id` int(11), `name` varchar(255), `position` int(11), `visible` tinyint(1) DEFAULT 0, `content_type` varchar(255), `content` text, `created_at` datetime, `updated_at` datetime) ENGINE=InnoDB
  [1m[36m (8.6ms)[0m  [1mCREATE INDEX `index_sections_on_page_id` ON `sections` (`page_id`) [0m
  [1m[35m (0.1ms)[0m  BEGIN
  [1m[36mSQL (0.1ms)[0m  [1mINSERT INTO `schema_migrations` (`version`) VALUES ('20140503005906')[0m
  [1m[35m (0.3ms)[0m  COMMIT
  [1m[36mActiveRecord::SchemaMigration Load (0.3ms)[0m  [1mSELECT `schema_migrations`.* FROM `schema_migrations`[0m
  [1m[36m (0.2ms)[0m  [1mSELECT version FROM schema_migrations[0m
  [1m[36m (0.2ms)[0m  [1mBEGIN[0m
  [1m[35mSQL (0.3ms)[0m  INSERT INTO `subjects` (`created_at`, `name`, `position`, `updated_at`, `visible`) VALUES ('2014-05-03 01:23:37', 'First Subject', 1, '2014-05-03 01:23:37', 1)
  [1m[36m (6.1ms)[0m  [1mCOMMIT[0m
  [1m[35m (0.2ms)[0m  BEGIN
  [1m[36mSQL (0.2ms)[0m  [1mINSERT INTO `subjects` (`created_at`, `name`, `position`, `updated_at`) VALUES ('2014-05-03 01:25:52', 'Second Subject', 2, '2014-05-03 01:25:52')[0m
  [1m[35m (8.5ms)[0m  COMMIT
  [1m[36mSubject Load (0.4ms)[0m  [1mSELECT `subjects`.* FROM `subjects` WHERE `subjects`.`id` = 1 LIMIT 1[0m
  [1m[35m (0.1ms)[0m  BEGIN
  [1m[36mSQL (0.3ms)[0m  [1mUPDATE `subjects` SET `name` = 'Initial Subject', `updated_at` = '2014-05-03 01:27:33' WHERE `subjects`.`id` = 1[0m
  [1m[35m (0.4ms)[0m  COMMIT
  [1m[36mSubject Load (0.4ms)[0m  [1mSELECT `subjects`.* FROM `subjects` WHERE `subjects`.`id` = 2 LIMIT 1[0m
  [1m[35m (0.1ms)[0m  BEGIN
  [1m[36mSQL (0.3ms)[0m  [1mUPDATE `subjects` SET `name` = 'Next subject', `visible` = 1, `updated_at` = '2014-05-03 01:29:03' WHERE `subjects`.`id` = 2[0m
  [1m[35m (7.9ms)[0m  COMMIT
  [1m[36mSubject Load (0.5ms)[0m  [1mSELECT `subjects`.* FROM `subjects` WHERE `subjects`.`visible` = 1[0m
  [1m[35mSubject Load (0.3ms)[0m  SELECT `subjects`.* FROM `subjects` WHERE `subjects`.`visible` = 0
  [1m[36mSubject Load (1.2ms)[0m  [1mSELECT `subjects`.* FROM `subjects` WHERE `subjects`.`visible` = 1 ORDER BY subjects.position ASC[0m
  [1m[35mSubject Load (0.4ms)[0m  SELECT `subjects`.* FROM `subjects` WHERE `subjects`.`visible` = 1 ORDER BY subjects.created_at DESC
  [1m[36mSubject Load (7.8ms)[0m  [1mSELECT `subjects`.* FROM `subjects` WHERE (name LIKE '%query%')[0m
  [1m[35mSubject Load (0.4ms)[0m  SELECT `subjects`.* FROM `subjects` WHERE (name LIKE '%query%')
  [1m[36mSubject Load (0.2ms)[0m  [1mSELECT `subjects`.* FROM `subjects` WHERE (name LIKE '%Initial%')[0m
  [1m[36mSubject Load (8.3ms)[0m  [1mSELECT `subjects`.* FROM `subjects` WHERE `subjects`.`id` = 1 LIMIT 1[0m
  [1m[35mPage Load (6.6ms)[0m  SELECT `pages`.* FROM `pages` WHERE `pages`.`subject_id` = 1 ORDER BY `pages`.`id` ASC LIMIT 1
  [1m[36m (0.2ms)[0m  [1mBEGIN[0m
  [1m[35mSQL (22.3ms)[0m  INSERT INTO `pages` (`created_at`, `name`, `permalink`, `position`, `subject_id`, `updated_at`) VALUES ('2014-05-03 09:41:03', 'First Page', 'first', 1, 1, '2014-05-03 09:41:03')
  [1m[36m (6.9ms)[0m  [1mCOMMIT[0m
  [1m[35mSubject Load (0.3ms)[0m  SELECT `subjects`.* FROM `subjects` WHERE `subjects`.`id` = 1 ORDER BY `subjects`.`id` ASC LIMIT 1
  [1m[36m (0.2ms)[0m  [1mBEGIN[0m
  [1m[35mSQL (8.3ms)[0m  DELETE FROM `pages` WHERE `pages`.`id` = 1
  [1m[36m (1.2ms)[0m  [1mCOMMIT[0m
  [1m[35mPage Load (0.4ms)[0m  SELECT `pages`.* FROM `pages` WHERE `pages`.`subject_id` = 1 ORDER BY `pages`.`id` ASC LIMIT 1
  [1m[36mPage Load (0.3ms)[0m  [1mSELECT `pages`.* FROM `pages`[0m
  [1m[36mSubject Load (0.2ms)[0m  [1mSELECT `subjects`.* FROM `subjects` WHERE `subjects`.`id` = 1 LIMIT 1[0m
  [1m[35mPage Load (0.3ms)[0m  SELECT `pages`.* FROM `pages` WHERE `pages`.`subject_id` = 1
  [1m[36m (0.2ms)[0m  [1mBEGIN[0m
  [1m[35mSQL (0.4ms)[0m  INSERT INTO `pages` (`created_at`, `name`, `permalink`, `position`, `subject_id`, `updated_at`) VALUES ('2014-05-03 09:47:38', 'first page', 'first', 1, 1, '2014-05-03 09:47:38')
  [1m[36m (8.5ms)[0m  [1mCOMMIT[0m
  [1m[35m (0.1ms)[0m  BEGIN
  [1m[36mSQL (0.2ms)[0m  [1mINSERT INTO `pages` (`created_at`, `name`, `permalink`, `position`, `subject_id`, `updated_at`) VALUES ('2014-05-03 09:49:34', 'second page', 'second', 2, 1, '2014-05-03 09:49:34')[0m
  [1m[35m (8.1ms)[0m  COMMIT
  [1m[36m (0.2ms)[0m  [1mBEGIN[0m
  [1m[35mSQL (0.6ms)[0m  UPDATE `pages` SET `pages`.`subject_id` = NULL WHERE `pages`.`subject_id` = 1 AND `pages`.`id` IN (3)
  [1m[36m (6.1ms)[0m  [1mCOMMIT[0m
  [1m[35mPage Load (0.3ms)[0m  SELECT `pages`.* FROM `pages` WHERE `pages`.`subject_id` = 1 AND `pages`.`visible` = 1
  [1m[36mPage Load (0.4ms)[0m  [1mSELECT `pages`.* FROM `pages` WHERE `pages`.`subject_id` = 1 AND `pages`.`visible` = 0[0m
  [1m[36mActiveRecord::SchemaMigration Load (0.3ms)[0m  [1mSELECT `schema_migrations`.* FROM `schema_migrations`[0m
Migrating to CreateAdminUsersPagesJoin (20140503095143)
  [1m[35m (47.7ms)[0m  CREATE TABLE `admin_users_pages` (`admin_user_id` int(11), `page_id` int(11)) ENGINE=InnoDB
  [1m[36m (21.4ms)[0m  [1mCREATE INDEX `index_admin_users_pages_on_admin_user_id_and_page_id` ON `admin_users_pages` (`admin_user_id`, `page_id`) [0m
  [1m[35m (0.2ms)[0m  BEGIN
  [1m[36mSQL (0.2ms)[0m  [1mINSERT INTO `schema_migrations` (`version`) VALUES ('20140503095143')[0m
  [1m[35m (0.3ms)[0m  COMMIT
  [1m[36mActiveRecord::SchemaMigration Load (0.2ms)[0m  [1mSELECT `schema_migrations`.* FROM `schema_migrations`[0m
  [1m[36mPage Load (0.3ms)[0m  [1mSELECT `pages`.* FROM `pages` WHERE `pages`.`id` = 2 LIMIT 1[0m
  [1m[35mAdminUser Load (12.0ms)[0m  SELECT `admin_users`.* FROM `admin_users` INNER JOIN `admin_users_pages` ON `admin_users`.`id` = `admin_users_pages`.`admin_user_id` WHERE `admin_users_pages`.`page_id` = 2
  [1m[36mAdminUser Load (0.3ms)[0m  [1mSELECT `admin_users`.* FROM `admin_users`[0m
  [1m[35m (0.1ms)[0m  BEGIN
  [1m[36mSQL (0.3ms)[0m  [1mINSERT INTO `admin_users` (`created_at`, `first_name`, `last_name`, `updated_at`, `username`) VALUES ('2014-05-03 09:57:50', 'Suren', 'Shrestha', '2014-05-03 09:57:50', 'shopuz')[0m
  [1m[35m (0.3ms)[0m  COMMIT
  [1m[36m (0.2ms)[0m  [1mBEGIN[0m
  [1m[35m (0.3ms)[0m  INSERT INTO `admin_users_pages` (`page_id`, `admin_user_id`) VALUES (2, 1)
  [1m[36m (8.7ms)[0m  [1mCOMMIT[0m
  [1m[35mPage Load (0.4ms)[0m  SELECT `pages`.* FROM `pages` INNER JOIN `admin_users_pages` ON `pages`.`id` = `admin_users_pages`.`page_id` WHERE `admin_users_pages`.`admin_user_id` = 1
  [1m[36mActiveRecord::SchemaMigration Load (0.2ms)[0m  [1mSELECT `schema_migrations`.* FROM `schema_migrations`[0m
Migrating to CreateSectionEdits (20140503100132)
  [1m[35m (43.5ms)[0m  CREATE TABLE `section_edits` (`id` int(11) DEFAULT NULL auto_increment PRIMARY KEY, `admin_user_id` int(11), `section_id` int(11), `summary` varchar(255), `created_at` datetime, `updated_at` datetime) ENGINE=InnoDB
  [1m[36m (10.8ms)[0m  [1mCREATE INDEX `index_section_edits_on_admin_user_id_and_section_id` ON `section_edits` (`admin_user_id`, `section_id`) [0m
  [1m[35m (0.1ms)[0m  BEGIN
  [1m[36mSQL (0.2ms)[0m  [1mINSERT INTO `schema_migrations` (`version`) VALUES ('20140503100132')[0m
  [1m[35m (0.4ms)[0m  COMMIT
  [1m[36mActiveRecord::SchemaMigration Load (0.2ms)[0m  [1mSELECT `schema_migrations`.* FROM `schema_migrations`[0m
  [1m[36mAdminUser Load (0.3ms)[0m  [1mSELECT `admin_users`.* FROM `admin_users` WHERE `admin_users`.`id` = 1 LIMIT 1[0m
  [1m[35mSectionEdit Load (0.3ms)[0m  SELECT `section_edits`.* FROM `section_edits` WHERE `section_edits`.`admin_user_id` = 1
  [1m[36m (0.1ms)[0m  [1mBEGIN[0m
  [1m[35mSQL (0.3ms)[0m  INSERT INTO `sections` (`created_at`, `name`, `position`, `updated_at`) VALUES ('2014-05-03 10:06:04', 'Section one', 1, '2014-05-03 10:06:04')
  [1m[36m (5.9ms)[0m  [1mCOMMIT[0m
  [1m[35mSectionEdit Load (0.3ms)[0m  SELECT `section_edits`.* FROM `section_edits` WHERE `section_edits`.`section_id` = 1
  [1m[36m (0.1ms)[0m  [1mBEGIN[0m
  [1m[35mSQL (0.2ms)[0m  INSERT INTO `section_edits` (`created_at`, `section_id`, `summary`, `updated_at`) VALUES ('2014-05-03 10:06:56', 1, 'Test edit', '2014-05-03 10:06:56')
  [1m[36m (8.4ms)[0m  [1mCOMMIT[0m
  [1m[35m (0.2ms)[0m  BEGIN
  [1m[36mSQL (0.5ms)[0m  [1mUPDATE `section_edits` SET `admin_user_id` = 1, `updated_at` = '2014-05-03 10:07:29' WHERE `section_edits`.`id` = 1[0m
  [1m[35m (8.0ms)[0m  COMMIT
  [1m[36mSectionEdit Load (0.4ms)[0m  [1mSELECT `section_edits`.* FROM `section_edits` WHERE `section_edits`.`admin_user_id` = 1[0m
  [1m[35m (0.2ms)[0m  BEGIN
  [1m[36mSQL (0.2ms)[0m  [1mINSERT INTO `section_edits` (`admin_user_id`, `created_at`, `section_id`, `summary`, `updated_at`) VALUES (1, '2014-05-03 10:08:53', 1, 'changes', '2014-05-03 10:08:53')[0m
  [1m[35m (8.3ms)[0m  COMMIT
  [1m[36mSectionEdit Load (0.3ms)[0m  [1mSELECT `section_edits`.* FROM `section_edits` WHERE `section_edits`.`admin_user_id` = 1[0m
  [1m[36mAdminUser Load (0.2ms)[0m  [1mSELECT `admin_users`.* FROM `admin_users` WHERE `admin_users`.`id` = 1 LIMIT 1[0m
  [1m[35mSection Load (0.4ms)[0m  SELECT `sections`.* FROM `sections` INNER JOIN `section_edits` ON `sections`.`id` = `section_edits`.`section_id` WHERE `section_edits`.`admin_user_id` = 1
  [1m[36mSection Load (0.3ms)[0m  [1mSELECT `sections`.* FROM `sections` WHERE `sections`.`id` = 1 LIMIT 1[0m
  [1m[35mAdminUser Load (0.4ms)[0m  SELECT `admin_users`.* FROM `admin_users` INNER JOIN `section_edits` ON `admin_users`.`id` = `section_edits`.`admin_user_id` WHERE `section_edits`.`section_id` = 1


Started GET "/" for 127.0.0.1 at 2014-05-03 20:25:22 +1000
  [1m[36mActiveRecord::SchemaMigration Load (0.2ms)[0m  [1mSELECT `schema_migrations`.* FROM `schema_migrations`[0m
Processing by DemoController#index as HTML
  Rendered demo/index.html.erb (2.3ms)
Completed 200 OK in 9ms (Views: 8.2ms | ActiveRecord: 0.0ms)


Started GET "/subjects/index" for 127.0.0.1 at 2014-05-03 20:25:37 +1000
Processing by SubjectsController#index as HTML
  [1m[35mSubject Load (12.4ms)[0m  SELECT `subjects`.* FROM `subjects` ORDER BY subjects.position ASC
  [1m[36m (6.5ms)[0m  [1mSELECT COUNT(*) FROM `pages` WHERE `pages`.`subject_id` = 1[0m
  [1m[35m (0.2ms)[0m  SELECT COUNT(*) FROM `pages` WHERE `pages`.`subject_id` = 2
  Rendered subjects/index.html.erb (88.1ms)
Completed 200 OK in 95ms (Views: 43.5ms | ActiveRecord: 46.0ms)


Started GET "/subjects/index" for 127.0.0.1 at 2014-05-03 20:29:16 +1000
Processing by SubjectsController#index as HTML
  [1m[36mSubject Load (0.3ms)[0m  [1mSELECT `subjects`.* FROM `subjects` ORDER BY subjects.position ASC[0m
  [1m[35m (0.2ms)[0m  SELECT COUNT(*) FROM `pages` WHERE `pages`.`subject_id` = 1
  [1m[36m (0.2ms)[0m  [1mSELECT COUNT(*) FROM `pages` WHERE `pages`.`subject_id` = 2[0m
  Rendered subjects/index.html.erb (44.0ms)
Completed 200 OK in 48ms (Views: 24.4ms | ActiveRecord: 21.0ms)


Started GET "/subjects/show/1" for 127.0.0.1 at 2014-05-03 20:29:18 +1000
Processing by SubjectsController#show as HTML
  Parameters: {"id"=>"1"}
  [1m[35mSubject Load (0.3ms)[0m  SELECT `subjects`.* FROM `subjects` WHERE `subjects`.`id` = 1 LIMIT 1
  Rendered subjects/show.html.erb (6.3ms)
Completed 200 OK in 13ms (Views: 10.1ms | ActiveRecord: 0.3ms)


Started GET "/subjects/index" for 127.0.0.1 at 2014-05-03 20:35:47 +1000
Processing by SubjectsController#index as HTML
  [1m[36mSubject Load (0.8ms)[0m  [1mSELECT `subjects`.* FROM `subjects` ORDER BY subjects.position ASC[0m
  [1m[35m (0.3ms)[0m  SELECT COUNT(*) FROM `pages` WHERE `pages`.`subject_id` = 1
  [1m[36m (0.2ms)[0m  [1mSELECT COUNT(*) FROM `pages` WHERE `pages`.`subject_id` = 2[0m
  Rendered subjects/index.html.erb (35.0ms)
Completed 200 OK in 39ms (Views: 23.5ms | ActiveRecord: 12.7ms)


Started GET "/subjects/new" for 127.0.0.1 at 2014-05-03 20:35:51 +1000
Processing by SubjectsController#new as HTML
  Rendered subjects/new.html.erb (26.1ms)
Completed 200 OK in 28ms (Views: 27.8ms | ActiveRecord: 0.0ms)


Started POST "/subjects/create" for 127.0.0.1 at 2014-05-03 20:36:04 +1000

ActionController::RoutingError (No route matches [POST] "/subjects/create"):
  actionpack (4.0.0) lib/action_dispatch/middleware/debug_exceptions.rb:21:in `call'
  actionpack (4.0.0) lib/action_dispatch/middleware/show_exceptions.rb:30:in `call'
  railties (4.0.0) lib/rails/rack/logger.rb:38:in `call_app'
  railties (4.0.0) lib/rails/rack/logger.rb:21:in `block in call'
  activesupport (4.0.0) lib/active_support/tagged_logging.rb:67:in `block in tagged'
  activesupport (4.0.0) lib/active_support/tagged_logging.rb:25:in `tagged'
  activesupport (4.0.0) lib/active_support/tagged_logging.rb:67:in `tagged'
  railties (4.0.0) lib/rails/rack/logger.rb:21:in `call'
  actionpack (4.0.0) lib/action_dispatch/middleware/request_id.rb:21:in `call'
  rack (1.5.2) lib/rack/methodoverride.rb:21:in `call'
  rack (1.5.2) lib/rack/runtime.rb:17:in `call'
  activesupport (4.0.0) lib/active_support/cache/strategy/local_cache.rb:83:in `call'
  rack (1.5.2) lib/rack/lock.rb:17:in `call'
  actionpack (4.0.0) lib/action_dispatch/middleware/static.rb:64:in `call'
  railties (4.0.0) lib/rails/engine.rb:511:in `call'
  railties (4.0.0) lib/rails/application.rb:97:in `call'
  rack (1.5.2) lib/rack/lock.rb:17:in `call'
  rack (1.5.2) lib/rack/content_length.rb:14:in `call'
  rack (1.5.2) lib/rack/handler/webrick.rb:60:in `service'
  /Users/shopuz/.rvm/rubies/ruby-2.1.0/lib/ruby/2.1.0/webrick/httpserver.rb:138:in `service'
  /Users/shopuz/.rvm/rubies/ruby-2.1.0/lib/ruby/2.1.0/webrick/httpserver.rb:94:in `run'
  /Users/shopuz/.rvm/rubies/ruby-2.1.0/lib/ruby/2.1.0/webrick/server.rb:295:in `block in start_thread'


  Rendered /Users/shopuz/.rvm/gems/ruby-2.1.0/gems/actionpack-4.0.0/lib/action_dispatch/middleware/templates/rescues/_trace.erb (1.2ms)
  Rendered /Users/shopuz/.rvm/gems/ruby-2.1.0/gems/actionpack-4.0.0/lib/action_dispatch/middleware/templates/routes/_route.html.erb (1.1ms)
  Rendered /Users/shopuz/.rvm/gems/ruby-2.1.0/gems/actionpack-4.0.0/lib/action_dispatch/middleware/templates/routes/_table.html.erb (4.0ms)
  Rendered /Users/shopuz/.rvm/gems/ruby-2.1.0/gems/actionpack-4.0.0/lib/action_dispatch/middleware/templates/rescues/routing_error.erb within rescues/layout (24.5ms)


Started GET "/subjects/new" for 127.0.0.1 at 2014-05-03 20:36:52 +1000
Processing by SubjectsController#new as HTML
  Rendered subjects/new.html.erb (15.3ms)
Completed 200 OK in 31ms (Views: 16.3ms | ActiveRecord: 10.2ms)


Started GET "/subjects/new" for 127.0.0.1 at 2014-05-03 20:37:25 +1000
Processing by SubjectsController#new as HTML
  Rendered subjects/new.html.erb (1.4ms)
Completed 200 OK in 26ms (Views: 2.3ms | ActiveRecord: 8.8ms)


Started GET "/subjects/new" for 127.0.0.1 at 2014-05-03 20:44:53 +1000
  [1m[36mActiveRecord::SchemaMigration Load (0.2ms)[0m  [1mSELECT `schema_migrations`.* FROM `schema_migrations`[0m
Processing by SubjectsController#new as HTML
  Rendered subjects/new.html.erb (25.6ms)
Completed 200 OK in 68ms (Views: 31.2ms | ActiveRecord: 18.4ms)


Started POST "/subjects/create" for 127.0.0.1 at 2014-05-03 20:45:02 +1000

ActionController::RoutingError (No route matches [POST] "/subjects/create"):
  actionpack (4.0.0) lib/action_dispatch/middleware/debug_exceptions.rb:21:in `call'
  actionpack (4.0.0) lib/action_dispatch/middleware/show_exceptions.rb:30:in `call'
  railties (4.0.0) lib/rails/rack/logger.rb:38:in `call_app'
  railties (4.0.0) lib/rails/rack/logger.rb:21:in `block in call'
  activesupport (4.0.0) lib/active_support/tagged_logging.rb:67:in `block in tagged'
  activesupport (4.0.0) lib/active_support/tagged_logging.rb:25:in `tagged'
  activesupport (4.0.0) lib/active_support/tagged_logging.rb:67:in `tagged'
  railties (4.0.0) lib/rails/rack/logger.rb:21:in `call'
  actionpack (4.0.0) lib/action_dispatch/middleware/request_id.rb:21:in `call'
  rack (1.5.2) lib/rack/methodoverride.rb:21:in `call'
  rack (1.5.2) lib/rack/runtime.rb:17:in `call'
  activesupport (4.0.0) lib/active_support/cache/strategy/local_cache.rb:83:in `call'
  rack (1.5.2) lib/rack/lock.rb:17:in `call'
  actionpack (4.0.0) lib/action_dispatch/middleware/static.rb:64:in `call'
  railties (4.0.0) lib/rails/engine.rb:511:in `call'
  railties (4.0.0) lib/rails/application.rb:97:in `call'
  rack (1.5.2) lib/rack/lock.rb:17:in `call'
  rack (1.5.2) lib/rack/content_length.rb:14:in `call'
  rack (1.5.2) lib/rack/handler/webrick.rb:60:in `service'
  /Users/shopuz/.rvm/rubies/ruby-2.1.0/lib/ruby/2.1.0/webrick/httpserver.rb:138:in `service'
  /Users/shopuz/.rvm/rubies/ruby-2.1.0/lib/ruby/2.1.0/webrick/httpserver.rb:94:in `run'
  /Users/shopuz/.rvm/rubies/ruby-2.1.0/lib/ruby/2.1.0/webrick/server.rb:295:in `block in start_thread'


  Rendered /Users/shopuz/.rvm/gems/ruby-2.1.0/gems/actionpack-4.0.0/lib/action_dispatch/middleware/templates/rescues/_trace.erb (3.6ms)
  Rendered /Users/shopuz/.rvm/gems/ruby-2.1.0/gems/actionpack-4.0.0/lib/action_dispatch/middleware/templates/routes/_route.html.erb (0.7ms)
  Rendered /Users/shopuz/.rvm/gems/ruby-2.1.0/gems/actionpack-4.0.0/lib/action_dispatch/middleware/templates/routes/_table.html.erb (2.4ms)
  Rendered /Users/shopuz/.rvm/gems/ruby-2.1.0/gems/actionpack-4.0.0/lib/action_dispatch/middleware/templates/rescues/routing_error.erb within rescues/layout (19.4ms)


Started GET "/subjects/new" for 127.0.0.1 at 2014-05-03 20:45:59 +1000
Processing by SubjectsController#new as HTML
  Rendered subjects/new.html.erb (1.9ms)
Completed 200 OK in 32ms (Views: 3.6ms | ActiveRecord: 10.4ms)


Started POST "/subjects/create" for 127.0.0.1 at 2014-05-03 20:46:04 +1000
Processing by SubjectsController#create as HTML
  Parameters: {"utf8"=>"✓", "authenticity_token"=>"rcw2QVJX1w7yvq5Lk/HUYrQ+3mKh0CG1DvPDvnptgo8=", "subject"=>{"name"=>"Test Subject", "position"=>"8", "visible"=>"false"}, "commit"=>"Create Subject"}
  [1m[35m (0.2ms)[0m  BEGIN
  [1m[36mSQL (0.5ms)[0m  [1mINSERT INTO `subjects` (`created_at`, `name`, `position`, `updated_at`) VALUES ('2014-05-03 10:46:04', 'Test Subject', 8, '2014-05-03 10:46:04')[0m
  [1m[35m (5.9ms)[0m  COMMIT
Redirected to http://localhost:3000/subjects
Completed 302 Found in 21ms (ActiveRecord: 6.6ms)


Started GET "/subjects" for 127.0.0.1 at 2014-05-03 20:46:04 +1000
Processing by SubjectsController#index as HTML
  [1m[36mSubject Load (0.2ms)[0m  [1mSELECT `subjects`.* FROM `subjects` ORDER BY subjects.position ASC[0m
  [1m[35m (0.2ms)[0m  SELECT COUNT(*) FROM `pages` WHERE `pages`.`subject_id` = 1
  [1m[36m (0.2ms)[0m  [1mSELECT COUNT(*) FROM `pages` WHERE `pages`.`subject_id` = 2[0m
  [1m[35m (0.2ms)[0m  SELECT COUNT(*) FROM `pages` WHERE `pages`.`subject_id` = 3
  Rendered subjects/index.html.erb (46.9ms)
Completed 200 OK in 48ms (Views: 27.5ms | ActiveRecord: 20.0ms)


Started GET "/subjects" for 127.0.0.1 at 2014-05-03 20:51:20 +1000
Processing by SubjectsController#index as HTML
  [1m[36mSubject Load (0.3ms)[0m  [1mSELECT `subjects`.* FROM `subjects` ORDER BY subjects.position ASC[0m
  [1m[35m (0.2ms)[0m  SELECT COUNT(*) FROM `pages` WHERE `pages`.`subject_id` = 1
  [1m[36m (0.3ms)[0m  [1mSELECT COUNT(*) FROM `pages` WHERE `pages`.`subject_id` = 2[0m
  [1m[35m (0.2ms)[0m  SELECT COUNT(*) FROM `pages` WHERE `pages`.`subject_id` = 3
  Rendered subjects/index.html.erb (33.5ms)
Completed 200 OK in 37ms (Views: 22.5ms | ActiveRecord: 11.8ms)


Started GET "/subjects/edit/1" for 127.0.0.1 at 2014-05-03 20:51:22 +1000
Processing by SubjectsController#edit as HTML
  Parameters: {"id"=>"1"}
  [1m[36mSubject Load (0.2ms)[0m  [1mSELECT `subjects`.* FROM `subjects` WHERE `subjects`.`id` = 1 LIMIT 1[0m
  Rendered subjects/edit.html.erb (2.7ms)
Completed 200 OK in 5ms (Views: 3.6ms | ActiveRecord: 0.2ms)


Started GET "/subjects/edit/3" for 127.0.0.1 at 2014-05-03 20:51:26 +1000
Processing by SubjectsController#edit as HTML
  Parameters: {"id"=>"3"}
  [1m[35mSubject Load (0.5ms)[0m  SELECT `subjects`.* FROM `subjects` WHERE `subjects`.`id` = 3 LIMIT 1
  Rendered subjects/edit.html.erb (1.2ms)
Completed 200 OK in 3ms (Views: 2.0ms | ActiveRecord: 0.5ms)


Started GET "/subjects/edit/3" for 127.0.0.1 at 2014-05-03 20:51:30 +1000
Processing by SubjectsController#edit as HTML
  Parameters: {"id"=>"3"}
  [1m[36mSubject Load (0.5ms)[0m  [1mSELECT `subjects`.* FROM `subjects` WHERE `subjects`.`id` = 3 LIMIT 1[0m
  Rendered subjects/edit.html.erb (3.0ms)
Completed 200 OK in 6ms (Views: 4.1ms | ActiveRecord: 0.5ms)


Started POST "/subjects/update/3" for 127.0.0.1 at 2014-05-03 20:51:34 +1000
Processing by SubjectsController#update as HTML
  Parameters: {"utf8"=>"✓", "authenticity_token"=>"rcw2QVJX1w7yvq5Lk/HUYrQ+3mKh0CG1DvPDvnptgo8=", "subject"=>{"name"=>"Test Subject New", "position"=>"8", "visible"=>"0"}, "commit"=>"Update Subject", "id"=>"3"}
  [1m[35mSubject Load (0.6ms)[0m  SELECT `subjects`.* FROM `subjects` WHERE `subjects`.`id` = 3 LIMIT 1
  [1m[36m (0.4ms)[0m  [1mBEGIN[0m
  [1m[35mSQL (0.4ms)[0m  UPDATE `subjects` SET `name` = 'Test Subject New', `updated_at` = '2014-05-03 10:51:34' WHERE `subjects`.`id` = 3
  [1m[36m (5.5ms)[0m  [1mCOMMIT[0m
Redirected to http://localhost:3000/subjects/show/3
Completed 302 Found in 13ms (ActiveRecord: 6.9ms)


Started GET "/subjects/show/3" for 127.0.0.1 at 2014-05-03 20:51:34 +1000
Processing by SubjectsController#show as HTML
  Parameters: {"id"=>"3"}
  [1m[35mSubject Load (0.3ms)[0m  SELECT `subjects`.* FROM `subjects` WHERE `subjects`.`id` = 3 LIMIT 1
  Rendered subjects/show.html.erb (4.2ms)
Completed 200 OK in 7ms (Views: 5.7ms | ActiveRecord: 0.3ms)


Started GET "/subjects" for 127.0.0.1 at 2014-05-03 20:51:37 +1000
Processing by SubjectsController#index as HTML
  [1m[36mSubject Load (0.3ms)[0m  [1mSELECT `subjects`.* FROM `subjects` ORDER BY subjects.position ASC[0m
  [1m[35m (0.3ms)[0m  SELECT COUNT(*) FROM `pages` WHERE `pages`.`subject_id` = 1
  [1m[36m (0.5ms)[0m  [1mSELECT COUNT(*) FROM `pages` WHERE `pages`.`subject_id` = 2[0m
  [1m[35m (0.3ms)[0m  SELECT COUNT(*) FROM `pages` WHERE `pages`.`subject_id` = 3
  Rendered subjects/index.html.erb (10.1ms)
Completed 200 OK in 12ms (Views: 9.7ms | ActiveRecord: 1.5ms)


Started GET "/subjects" for 127.0.0.1 at 2014-05-03 20:53:46 +1000
Processing by SubjectsController#index as HTML
  [1m[36mSubject Load (0.3ms)[0m  [1mSELECT `subjects`.* FROM `subjects` ORDER BY subjects.position ASC[0m
  [1m[35m (0.3ms)[0m  SELECT COUNT(*) FROM `pages` WHERE `pages`.`subject_id` = 1
  [1m[36m (0.3ms)[0m  [1mSELECT COUNT(*) FROM `pages` WHERE `pages`.`subject_id` = 2[0m
  [1m[35m (0.2ms)[0m  SELECT COUNT(*) FROM `pages` WHERE `pages`.`subject_id` = 3
  Rendered subjects/index.html.erb (28.2ms)
Completed 200 OK in 31ms (Views: 21.0ms | ActiveRecord: 8.1ms)


Started GET "/subjects" for 127.0.0.1 at 2014-05-03 20:56:27 +1000
Processing by SubjectsController#index as HTML
  [1m[36mSubject Load (0.3ms)[0m  [1mSELECT `subjects`.* FROM `subjects` ORDER BY subjects.position ASC[0m
  [1m[35m (0.2ms)[0m  SELECT COUNT(*) FROM `pages` WHERE `pages`.`subject_id` = 1
  [1m[36m (0.3ms)[0m  [1mSELECT COUNT(*) FROM `pages` WHERE `pages`.`subject_id` = 2[0m
  [1m[35m (0.2ms)[0m  SELECT COUNT(*) FROM `pages` WHERE `pages`.`subject_id` = 3
  Rendered subjects/index.html.erb (31.5ms)
Completed 200 OK in 35ms (Views: 21.0ms | ActiveRecord: 11.3ms)


Started GET "/subjects/delete/3" for 127.0.0.1 at 2014-05-03 20:56:29 +1000
Processing by SubjectsController#delete as HTML
  Parameters: {"id"=>"3"}
  [1m[36mSubject Load (0.3ms)[0m  [1mSELECT `subjects`.* FROM `subjects` WHERE `subjects`.`id` = 3 LIMIT 1[0m
  Rendered subjects/delete.html.erb (1.6ms)
Completed 200 OK in 4ms (Views: 3.1ms | ActiveRecord: 0.3ms)


Started POST "/subjects/destroy/3" for 127.0.0.1 at 2014-05-03 20:56:36 +1000
Processing by SubjectsController#destroy as HTML
  Parameters: {"utf8"=>"✓", "authenticity_token"=>"rcw2QVJX1w7yvq5Lk/HUYrQ+3mKh0CG1DvPDvnptgo8=", "commit"=>"Delete Subject", "id"=>"3"}
  [1m[35mSubject Load (0.2ms)[0m  SELECT `subjects`.* FROM `subjects` WHERE `subjects`.`id` = 3 LIMIT 1
  [1m[36m (0.1ms)[0m  [1mBEGIN[0m
  [1m[35mSQL (0.3ms)[0m  DELETE FROM `subjects` WHERE `subjects`.`id` = 3
  [1m[36m (7.8ms)[0m  [1mCOMMIT[0m
Redirected to http://localhost:3000/subjects
Completed 302 Found in 11ms (ActiveRecord: 8.4ms)


Started GET "/subjects" for 127.0.0.1 at 2014-05-03 20:56:36 +1000
Processing by SubjectsController#index as HTML
  [1m[35mSubject Load (0.5ms)[0m  SELECT `subjects`.* FROM `subjects` ORDER BY subjects.position ASC
  [1m[36m (0.3ms)[0m  [1mSELECT COUNT(*) FROM `pages` WHERE `pages`.`subject_id` = 1[0m
  [1m[35m (0.6ms)[0m  SELECT COUNT(*) FROM `pages` WHERE `pages`.`subject_id` = 2
  Rendered subjects/index.html.erb (8.8ms)
Completed 200 OK in 12ms (Views: 9.8ms | ActiveRecord: 1.3ms)


Started GET "/subjects" for 127.0.0.1 at 2014-05-03 21:04:34 +1000
Processing by SubjectsController#index as HTML
  [1m[36mSubject Load (0.3ms)[0m  [1mSELECT `subjects`.* FROM `subjects` ORDER BY subjects.position ASC[0m
  [1m[35m (0.2ms)[0m  SELECT COUNT(*) FROM `pages` WHERE `pages`.`subject_id` = 1
  [1m[36m (0.2ms)[0m  [1mSELECT COUNT(*) FROM `pages` WHERE `pages`.`subject_id` = 2[0m
  Rendered subjects/index.html.erb (65.3ms)
Completed 200 OK in 70ms (Views: 24.6ms | ActiveRecord: 42.2ms)


Started GET "/subjects/edit/2" for 127.0.0.1 at 2014-05-03 21:04:39 +1000
Processing by SubjectsController#edit as HTML
  Parameters: {"id"=>"2"}
  [1m[35mSubject Load (0.3ms)[0m  SELECT `subjects`.* FROM `subjects` WHERE `subjects`.`id` = 2 LIMIT 1
  Rendered subjects/edit.html.erb (2.7ms)
Completed 200 OK in 6ms (Views: 4.4ms | ActiveRecord: 0.3ms)


Started POST "/subjects/update/2" for 127.0.0.1 at 2014-05-03 21:04:42 +1000
Processing by SubjectsController#update as HTML
  Parameters: {"utf8"=>"✓", "authenticity_token"=>"rcw2QVJX1w7yvq5Lk/HUYrQ+3mKh0CG1DvPDvnptgo8=", "subject"=>{"name"=>"Next subjects", "position"=>"2", "visible"=>"1"}, "commit"=>"Update Subject", "id"=>"2"}
  [1m[36mSubject Load (0.4ms)[0m  [1mSELECT `subjects`.* FROM `subjects` WHERE `subjects`.`id` = 2 LIMIT 1[0m
  [1m[35m (0.3ms)[0m  BEGIN
  [1m[36mSQL (0.3ms)[0m  [1mUPDATE `subjects` SET `name` = 'Next subjects', `updated_at` = '2014-05-03 11:04:42' WHERE `subjects`.`id` = 2[0m
  [1m[35m (12.5ms)[0m  COMMIT
Redirected to http://localhost:3000/subjects/show/2
Completed 302 Found in 19ms (ActiveRecord: 13.5ms)


Started GET "/subjects/show/2" for 127.0.0.1 at 2014-05-03 21:04:42 +1000
Processing by SubjectsController#show as HTML
  Parameters: {"id"=>"2"}
  [1m[36mSubject Load (0.3ms)[0m  [1mSELECT `subjects`.* FROM `subjects` WHERE `subjects`.`id` = 2 LIMIT 1[0m
  Rendered subjects/show.html.erb (1.3ms)
Completed 200 OK in 3ms (Views: 2.4ms | ActiveRecord: 0.3ms)


Started GET "/subjects" for 127.0.0.1 at 2014-05-03 21:04:45 +1000
Processing by SubjectsController#index as HTML
  [1m[35mSubject Load (0.4ms)[0m  SELECT `subjects`.* FROM `subjects` ORDER BY subjects.position ASC
  [1m[36m (0.3ms)[0m  [1mSELECT COUNT(*) FROM `pages` WHERE `pages`.`subject_id` = 1[0m
  [1m[35m (0.4ms)[0m  SELECT COUNT(*) FROM `pages` WHERE `pages`.`subject_id` = 2
  Rendered subjects/index.html.erb (11.0ms)
Completed 200 OK in 13ms (Views: 11.5ms | ActiveRecord: 1.1ms)


Started GET "/subjects/new" for 127.0.0.1 at 2014-05-03 21:04:47 +1000
Processing by SubjectsController#new as HTML
  Rendered subjects/new.html.erb (1.5ms)
Completed 200 OK in 3ms (Views: 2.7ms | ActiveRecord: 0.0ms)


Started POST "/subjects/create" for 127.0.0.1 at 2014-05-03 21:04:57 +1000
Processing by SubjectsController#create as HTML
  Parameters: {"utf8"=>"✓", "authenticity_token"=>"rcw2QVJX1w7yvq5Lk/HUYrQ+3mKh0CG1DvPDvnptgo8=", "subject"=>{"name"=>"new flash subject", "position"=>"9", "visible"=>"false"}, "commit"=>"Create Subject"}
  [1m[36m (0.1ms)[0m  [1mBEGIN[0m
  [1m[35mSQL (0.7ms)[0m  INSERT INTO `subjects` (`created_at`, `name`, `position`, `updated_at`) VALUES ('2014-05-03 11:04:57', 'new flash subject', 9, '2014-05-03 11:04:57')
  [1m[36m (6.3ms)[0m  [1mCOMMIT[0m
Redirected to http://localhost:3000/subjects
Completed 302 Found in 11ms (ActiveRecord: 7.1ms)


Started GET "/subjects" for 127.0.0.1 at 2014-05-03 21:04:57 +1000
Processing by SubjectsController#index as HTML
  [1m[35mSubject Load (0.3ms)[0m  SELECT `subjects`.* FROM `subjects` ORDER BY subjects.position ASC
  [1m[36m (0.3ms)[0m  [1mSELECT COUNT(*) FROM `pages` WHERE `pages`.`subject_id` = 1[0m
  [1m[35m (0.6ms)[0m  SELECT COUNT(*) FROM `pages` WHERE `pages`.`subject_id` = 2
  [1m[36m (0.3ms)[0m  [1mSELECT COUNT(*) FROM `pages` WHERE `pages`.`subject_id` = 4[0m
  Rendered subjects/index.html.erb (9.6ms)
Completed 200 OK in 10ms (Views: 8.8ms | ActiveRecord: 1.4ms)


Started GET "/subjects/delete/4" for 127.0.0.1 at 2014-05-03 21:05:05 +1000
Processing by SubjectsController#delete as HTML
  Parameters: {"id"=>"4"}
  [1m[35mSubject Load (0.4ms)[0m  SELECT `subjects`.* FROM `subjects` WHERE `subjects`.`id` = 4 LIMIT 1
  Rendered subjects/delete.html.erb (2.6ms)
Completed 200 OK in 14ms (Views: 12.7ms | ActiveRecord: 0.4ms)


Started POST "/subjects/destroy/4" for 127.0.0.1 at 2014-05-03 21:05:06 +1000
Processing by SubjectsController#destroy as HTML
  Parameters: {"utf8"=>"✓", "authenticity_token"=>"rcw2QVJX1w7yvq5Lk/HUYrQ+3mKh0CG1DvPDvnptgo8=", "commit"=>"Delete Subject", "id"=>"4"}
  [1m[36mSubject Load (0.4ms)[0m  [1mSELECT `subjects`.* FROM `subjects` WHERE `subjects`.`id` = 4 LIMIT 1[0m
  [1m[35m (0.2ms)[0m  BEGIN
  [1m[36mSQL (0.3ms)[0m  [1mDELETE FROM `subjects` WHERE `subjects`.`id` = 4[0m
  [1m[35m (7.7ms)[0m  COMMIT
Completed 500 Internal Server Error in 16ms

NameError (undefined local variable or method `subject' for #<SubjectsController:0x00000102a05750>):
  app/controllers/subjects_controller.rb:61:in `destroy'


  Rendered /Users/shopuz/.rvm/gems/ruby-2.1.0/gems/actionpack-4.0.0/lib/action_dispatch/middleware/templates/rescues/_source.erb (0.7ms)
  Rendered /Users/shopuz/.rvm/gems/ruby-2.1.0/gems/actionpack-4.0.0/lib/action_dispatch/middleware/templates/rescues/_trace.erb (1.5ms)
  Rendered /Users/shopuz/.rvm/gems/ruby-2.1.0/gems/actionpack-4.0.0/lib/action_dispatch/middleware/templates/rescues/_request_and_response.erb (1.5ms)
  Rendered /Users/shopuz/.rvm/gems/ruby-2.1.0/gems/actionpack-4.0.0/lib/action_dispatch/middleware/templates/rescues/diagnostics.erb within rescues/layout (19.6ms)


Started POST "/subjects/destroy/4" for 127.0.0.1 at 2014-05-03 21:06:06 +1000
Processing by SubjectsController#destroy as HTML
  Parameters: {"utf8"=>"✓", "authenticity_token"=>"rcw2QVJX1w7yvq5Lk/HUYrQ+3mKh0CG1DvPDvnptgo8=", "commit"=>"Delete Subject", "id"=>"4"}
  [1m[36mSubject Load (0.2ms)[0m  [1mSELECT `subjects`.* FROM `subjects` WHERE `subjects`.`id` = 4 LIMIT 1[0m
Completed 404 Not Found in 16ms

ActiveRecord::RecordNotFound (Couldn't find Subject with id=4):
  app/controllers/subjects_controller.rb:59:in `destroy'


  Rendered /Users/shopuz/.rvm/gems/ruby-2.1.0/gems/actionpack-4.0.0/lib/action_dispatch/middleware/templates/rescues/_source.erb (0.7ms)
  Rendered /Users/shopuz/.rvm/gems/ruby-2.1.0/gems/actionpack-4.0.0/lib/action_dispatch/middleware/templates/rescues/_trace.erb (1.1ms)
  Rendered /Users/shopuz/.rvm/gems/ruby-2.1.0/gems/actionpack-4.0.0/lib/action_dispatch/middleware/templates/rescues/_request_and_response.erb (1.1ms)
  Rendered /Users/shopuz/.rvm/gems/ruby-2.1.0/gems/actionpack-4.0.0/lib/action_dispatch/middleware/templates/rescues/diagnostics.erb within rescues/layout (10.7ms)


Started GET "/subjects" for 127.0.0.1 at 2014-05-03 21:06:13 +1000
Processing by SubjectsController#index as HTML
  [1m[35mSubject Load (0.3ms)[0m  SELECT `subjects`.* FROM `subjects` ORDER BY subjects.position ASC
  [1m[36m (0.2ms)[0m  [1mSELECT COUNT(*) FROM `pages` WHERE `pages`.`subject_id` = 1[0m
  [1m[35m (0.3ms)[0m  SELECT COUNT(*) FROM `pages` WHERE `pages`.`subject_id` = 2
  Rendered subjects/index.html.erb (29.2ms)
Completed 200 OK in 30ms (Views: 22.2ms | ActiveRecord: 7.9ms)


Started GET "/subjects/new" for 127.0.0.1 at 2014-05-03 21:06:15 +1000
Processing by SubjectsController#new as HTML
  Rendered subjects/new.html.erb (2.2ms)
Completed 200 OK in 3ms (Views: 3.0ms | ActiveRecord: 0.0ms)


Started POST "/subjects/create" for 127.0.0.1 at 2014-05-03 21:06:19 +1000
Processing by SubjectsController#create as HTML
  Parameters: {"utf8"=>"✓", "authenticity_token"=>"rcw2QVJX1w7yvq5Lk/HUYrQ+3mKh0CG1DvPDvnptgo8=", "subject"=>{"name"=>"jpt", "position"=>"", "visible"=>"false"}, "commit"=>"Create Subject"}
  [1m[36m (0.2ms)[0m  [1mBEGIN[0m
  [1m[35mSQL (0.3ms)[0m  INSERT INTO `subjects` (`created_at`, `name`, `updated_at`) VALUES ('2014-05-03 11:06:19', 'jpt', '2014-05-03 11:06:19')
  [1m[36m (6.5ms)[0m  [1mCOMMIT[0m
Redirected to http://localhost:3000/subjects
Completed 302 Found in 13ms (ActiveRecord: 7.0ms)


Started GET "/subjects" for 127.0.0.1 at 2014-05-03 21:06:19 +1000
Processing by SubjectsController#index as HTML
  [1m[35mSubject Load (1.1ms)[0m  SELECT `subjects`.* FROM `subjects` ORDER BY subjects.position ASC
  [1m[36m (0.5ms)[0m  [1mSELECT COUNT(*) FROM `pages` WHERE `pages`.`subject_id` = 5[0m
  [1m[35m (0.3ms)[0m  SELECT COUNT(*) FROM `pages` WHERE `pages`.`subject_id` = 1
  [1m[36m (0.2ms)[0m  [1mSELECT COUNT(*) FROM `pages` WHERE `pages`.`subject_id` = 2[0m
  Rendered subjects/index.html.erb (10.8ms)
Completed 200 OK in 12ms (Views: 9.8ms | ActiveRecord: 2.0ms)


Started GET "/subjects/delete/5" for 127.0.0.1 at 2014-05-03 21:06:23 +1000
Processing by SubjectsController#delete as HTML
  Parameters: {"id"=>"5"}
  [1m[35mSubject Load (0.3ms)[0m  SELECT `subjects`.* FROM `subjects` WHERE `subjects`.`id` = 5 LIMIT 1
  Rendered subjects/delete.html.erb (1.1ms)
Completed 200 OK in 7ms (Views: 1.9ms | ActiveRecord: 0.3ms)


Started POST "/subjects/destroy/5" for 127.0.0.1 at 2014-05-03 21:06:24 +1000
Processing by SubjectsController#destroy as HTML
  Parameters: {"utf8"=>"✓", "authenticity_token"=>"rcw2QVJX1w7yvq5Lk/HUYrQ+3mKh0CG1DvPDvnptgo8=", "commit"=>"Delete Subject", "id"=>"5"}
  [1m[36mSubject Load (0.3ms)[0m  [1mSELECT `subjects`.* FROM `subjects` WHERE `subjects`.`id` = 5 LIMIT 1[0m
  [1m[35m (0.1ms)[0m  BEGIN
  [1m[36mSQL (0.5ms)[0m  [1mDELETE FROM `subjects` WHERE `subjects`.`id` = 5[0m
  [1m[35m (7.8ms)[0m  COMMIT
Redirected to http://localhost:3000/subjects
Completed 302 Found in 12ms (ActiveRecord: 8.7ms)


Started GET "/subjects" for 127.0.0.1 at 2014-05-03 21:06:24 +1000
Processing by SubjectsController#index as HTML
  [1m[36mSubject Load (0.4ms)[0m  [1mSELECT `subjects`.* FROM `subjects` ORDER BY subjects.position ASC[0m
  [1m[35m (0.3ms)[0m  SELECT COUNT(*) FROM `pages` WHERE `pages`.`subject_id` = 1
  [1m[36m (0.4ms)[0m  [1mSELECT COUNT(*) FROM `pages` WHERE `pages`.`subject_id` = 2[0m
  Rendered subjects/index.html.erb (6.5ms)
Completed 200 OK in 9ms (Views: 6.7ms | ActiveRecord: 1.1ms)
